C:\Program Files (x86)\Microsoft Visual Studio\2017\Community\Common7\IDE\VC\VCTargets\Microsoft.CppBuild.targets(391,5): warning MSB8028: El directorio intermedio (Debug\) contiene archivos compartidos de otro proyecto (Projectpreueba.vcxproj). Esto puede dar lugar a un comportamiento incorrecto de limpieza y recompilación.
  conexion.cpp
c:\users\jonatan\desktop\windowsform\project1forms\project1forms\conexion.h(87): warning C4101: 'myreader': variable local sin referencia
  BinaryTree.cpp
  BinayTest.cpp
  Buscar.cpp
  conexiones.cpp
c:\users\jonatan\source\repos\projectpreueba\projectpreueba\conexiones.h(87): warning C4101: 'myreader': variable local sin referencia
  form1.cpp
c:\users\jonatan\source\repos\projectpreueba\projectpreueba\form1.h(585): warning C4101: 'selec': variable local sin referencia
c:\users\jonatan\source\repos\projectpreueba\projectpreueba\form1.h(661): warning C4101: 'artisCon': variable local sin referencia
  Form11.cpp
  ListaDoble.cpp
c:\users\jonatan\source\repos\projectpreueba\projectpreueba\listadoble.cpp(296): warning C4101: 'op': variable local sin referencia
c:\users\jonatan\source\repos\projectpreueba\projectpreueba\listadoble.cpp(371): warning C4996: 'fopen': This function or variable may be unsafe. Consider using fopen_s instead. To disable deprecation, use _CRT_SECURE_NO_WARNINGS. See online help for details.
  c:\program files (x86)\windows kits\10\include\10.0.18362.0\ucrt\stdio.h(208): note: vea la declaración de 'fopen'
c:\users\jonatan\source\repos\projectpreueba\projectpreueba\listadoble.cpp(393): warning C4996: 'strtok': This function or variable may be unsafe. Consider using strtok_s instead. To disable deprecation, use _CRT_SECURE_NO_WARNINGS. See online help for details.
  c:\program files (x86)\windows kits\10\include\10.0.18362.0\ucrt\string.h(440): note: vea la declaración de 'strtok'
c:\users\jonatan\source\repos\projectpreueba\projectpreueba\listadoble.cpp(399): warning C4996: 'strcpy': This function or variable may be unsafe. Consider using strcpy_s instead. To disable deprecation, use _CRT_SECURE_NO_WARNINGS. See online help for details.
  c:\program files (x86)\windows kits\10\include\10.0.18362.0\ucrt\string.h(133): note: vea la declaración de 'strcpy'
c:\users\jonatan\source\repos\projectpreueba\projectpreueba\listadoble.cpp(400): warning C4996: 'strtok': This function or variable may be unsafe. Consider using strtok_s instead. To disable deprecation, use _CRT_SECURE_NO_WARNINGS. See online help for details.
  c:\program files (x86)\windows kits\10\include\10.0.18362.0\ucrt\string.h(440): note: vea la declaración de 'strtok'
c:\users\jonatan\source\repos\projectpreueba\projectpreueba\listadoble.cpp(402): warning C4996: 'strcpy': This function or variable may be unsafe. Consider using strcpy_s instead. To disable deprecation, use _CRT_SECURE_NO_WARNINGS. See online help for details.
  c:\program files (x86)\windows kits\10\include\10.0.18362.0\ucrt\string.h(133): note: vea la declaración de 'strcpy'
c:\users\jonatan\source\repos\projectpreueba\projectpreueba\listadoble.cpp(403): warning C4996: 'strtok': This function or variable may be unsafe. Consider using strtok_s instead. To disable deprecation, use _CRT_SECURE_NO_WARNINGS. See online help for details.
  c:\program files (x86)\windows kits\10\include\10.0.18362.0\ucrt\string.h(440): note: vea la declaración de 'strtok'
c:\users\jonatan\source\repos\projectpreueba\projectpreueba\listadoble.cpp(382): warning C4101: 'v': variable local sin referencia
c:\users\jonatan\source\repos\projectpreueba\projectpreueba\listadoble.cpp(422): warning C4996: 'fopen': This function or variable may be unsafe. Consider using fopen_s instead. To disable deprecation, use _CRT_SECURE_NO_WARNINGS. See online help for details.
  c:\program files (x86)\windows kits\10\include\10.0.18362.0\ucrt\stdio.h(208): note: vea la declaración de 'fopen'
c:\users\jonatan\source\repos\projectpreueba\projectpreueba\listadoble.cpp(444): warning C4996: 'strtok': This function or variable may be unsafe. Consider using strtok_s instead. To disable deprecation, use _CRT_SECURE_NO_WARNINGS. See online help for details.
  c:\program files (x86)\windows kits\10\include\10.0.18362.0\ucrt\string.h(440): note: vea la declaración de 'strtok'
c:\users\jonatan\source\repos\projectpreueba\projectpreueba\listadoble.cpp(450): warning C4996: 'strcpy': This function or variable may be unsafe. Consider using strcpy_s instead. To disable deprecation, use _CRT_SECURE_NO_WARNINGS. See online help for details.
  c:\program files (x86)\windows kits\10\include\10.0.18362.0\ucrt\string.h(133): note: vea la declaración de 'strcpy'
c:\users\jonatan\source\repos\projectpreueba\projectpreueba\listadoble.cpp(451): warning C4996: 'strtok': This function or variable may be unsafe. Consider using strtok_s instead. To disable deprecation, use _CRT_SECURE_NO_WARNINGS. See online help for details.
  c:\program files (x86)\windows kits\10\include\10.0.18362.0\ucrt\string.h(440): note: vea la declaración de 'strtok'
c:\users\jonatan\source\repos\projectpreueba\projectpreueba\listadoble.cpp(453): warning C4996: 'strcpy': This function or variable may be unsafe. Consider using strcpy_s instead. To disable deprecation, use _CRT_SECURE_NO_WARNINGS. See online help for details.
  c:\program files (x86)\windows kits\10\include\10.0.18362.0\ucrt\string.h(133): note: vea la declaración de 'strcpy'
c:\users\jonatan\source\repos\projectpreueba\projectpreueba\listadoble.cpp(454): warning C4996: 'strtok': This function or variable may be unsafe. Consider using strtok_s instead. To disable deprecation, use _CRT_SECURE_NO_WARNINGS. See online help for details.
  c:\program files (x86)\windows kits\10\include\10.0.18362.0\ucrt\string.h(440): note: vea la declaración de 'strtok'
c:\users\jonatan\source\repos\projectpreueba\projectpreueba\listadoble.cpp(433): warning C4101: 'v': variable local sin referencia
c:\users\jonatan\source\repos\projectpreueba\projectpreueba\listadoble.cpp(573): warning C4101: 'getAutorSigte': variable local sin referencia
c:\users\jonatan\source\repos\projectpreueba\projectpreueba\listadoble.cpp(572): warning C4101: 'getAutor': variable local sin referencia
  Login.cpp
c:\users\jonatan\source\repos\projectpreueba\projectpreueba\conexiones.h(87): warning C4101: 'myreader': variable local sin referencia
  MyForm.cpp
c:\users\jonatan\source\repos\projectpreueba\projectpreueba\form1.h(585): warning C4101: 'selec': variable local sin referencia
c:\users\jonatan\source\repos\projectpreueba\projectpreueba\form1.h(661): warning C4101: 'artisCon': variable local sin referencia
  showForm.cpp
  stdafx.cpp
  Generando código...
  .NETFramework,Version=v4.6.1.AssemblyAttributes.cpp
  conexion.obj : se encontró un módulo MSIL; vinculación incremental deshabilitada para MSIL; ejecutando vínculo completo
  Projectpreueba.vcxproj -> C:\Users\JONATAN\source\repos\Projectpreueba\Debug\Project.exe
